app/build/outputs/logs/manifest-merger-debug-report.txt
-- Merging decision tree log ---
manifest
ADDED from AndroidManifest.xml:3:1
	package
		ADDED from AndroidManifest.xml:5:11
		INJECTED from AndroidManifest.xml:0:0
		INJECTED from AndroidManifest.xml:0:0
	android:versionName
		ADDED from AndroidManifest.xml:7:11
	android:versionCode
		ADDED from AndroidManifest.xml:6:11
		INJECTED from AndroidManifest.xml:0:0
		INJECTED from AndroidManifest.xml:0:0
	xmlns:android
		ADDED from AndroidManifest.xml:3:11
uses-sdk
ADDED from AndroidManifest.xml:9:5
MERGED from com.android.support:support-v4:20.0.0:16:5
	android:targetSdkVersion
		ADDED from AndroidManifest.xml:11:13
		INJECTED from AndroidManifest.xml:0:0
		INJECTED from AndroidManifest.xml:0:0
	android:minSdkVersion
		ADDED from AndroidManifest.xml:10:13
		INJECTED from AndroidManifest.xml:0:0
		INJECTED from AndroidManifest.xml:0:0
application
ADDED from AndroidManifest.xml:13:5
MERGED from com.android.support:support-v4:20.0.0:17:5
	android:label
		ADDED from AndroidManifest.xml:16:13
	android:allowBackup
		ADDED from AndroidManifest.xml:14:13
	android:icon
		ADDED from AndroidManifest.xml:15:13
	android:theme
		ADDED from AndroidManifest.xml:17:13
activity#com.example.MyCookBook.MyActivity
ADDED from AndroidManifest.xml:20:9
	android:label
		ADDED from AndroidManifest.xml:22:17
	android:name
		ADDED from AndroidManifest.xml:21:17
meta-data#android.app.default_searchable
ADDED from AndroidManifest.xml:23:13
	android:value
		ADDED from AndroidManifest.xml:25:21
	android:name
		ADDED from AndroidManifest.xml:24:21
intent-filter#android.intent.action.MAIN+android.intent.category.LAUNCHER
ADDED from AndroidManifest.xml:27:13
action#android.intent.action.MAIN
ADDED from AndroidManifest.xml:28:17
	android:name
		ADDED from AndroidManifest.xml:28:25
category#android.intent.category.LAUNCHER
ADDED from AndroidManifest.xml:29:17
	android:name
		ADDED from AndroidManifest.xml:29:27
activity#com.example.MyCookBook.RecipesActivity
ADDED from AndroidManifest.xml:34:9
	android:label
		ADDED from AndroidManifest.xml:36:17
	android:name
		ADDED from AndroidManifest.xml:35:17
intent-filter#android.intent.category.DEFAULT+com.example.MyCookBook.RecipesActivity
ADDED from AndroidManifest.xml:41:13
action#com.example.MyCookBook.RecipesActivity
ADDED from AndroidManifest.xml:42:17
	android:name
		ADDED from AndroidManifest.xml:42:25
category#android.intent.category.DEFAULT
ADDED from AndroidManifest.xml:43:17
	android:name
		ADDED from AndroidManifest.xml:43:27
activity#com.example.MyCookBook.AddRecipeActivity
ADDED from AndroidManifest.xml:49:9
	android:label
		ADDED from AndroidManifest.xml:52:17
	android:windowSoftInputMode
		ADDED from AndroidManifest.xml:51:17
	android:name
		ADDED from AndroidManifest.xml:50:17
intent-filter#android.intent.category.DEFAULT+com.example.MyCookBook.AddRecipeActivity
ADDED from AndroidManifest.xml:57:13
action#com.example.MyCookBook.AddRecipeActivity
ADDED from AndroidManifest.xml:58:17
	android:name
		ADDED from AndroidManifest.xml:58:25
activity#com.example.MyCookBook.AddIngredientActivity
ADDED from AndroidManifest.xml:64:9
	android:label
		ADDED from AndroidManifest.xml:67:17
	android:windowSoftInputMode
		ADDED from AndroidManifest.xml:66:17
	android:name
		ADDED from AndroidManifest.xml:65:17
intent-filter#android.intent.category.DEFAULT+com.example.MyCookBook.AddIngredientActivity
ADDED from AndroidManifest.xml:72:13
action#com.example.MyCookBook.AddIngredientActivity
ADDED from AndroidManifest.xml:73:17
	android:name
		ADDED from AndroidManifest.xml:73:25
activity#com.example.MyCookBook.ShowRecipeActivity
ADDED from AndroidManifest.xml:79:9
	android:label
		ADDED from AndroidManifest.xml:82:17
	android:windowSoftInputMode
		ADDED from AndroidManifest.xml:81:17
	android:name
		ADDED from AndroidManifest.xml:80:17
intent-filter#android.intent.category.DEFAULT+com.example.MyCookBook.ShowRecipeActivity
ADDED from AndroidManifest.xml:87:13
action#com.example.MyCookBook.ShowRecipeActivity
ADDED from AndroidManifest.xml:88:17
	android:name
		ADDED from AndroidManifest.xml:88:25
activity#com.example.MyCookBook.FavouritesActivity
ADDED from AndroidManifest.xml:94:9
	android:label
		ADDED from AndroidManifest.xml:96:17
	android:name
		ADDED from AndroidManifest.xml:95:17
intent-filter#android.intent.category.DEFAULT+com.example.MyCookBook.FavouritesActivity
ADDED from AndroidManifest.xml:101:13
action#com.example.MyCookBook.FavouritesActivity
ADDED from AndroidManifest.xml:102:17
	android:name
		ADDED from AndroidManifest.xml:102:25
activity#com.example.MyCookBook.ProductsActivity
ADDED from AndroidManifest.xml:108:9
	android:label
		ADDED from AndroidManifest.xml:110:17
	android:name
		ADDED from AndroidManifest.xml:109:17
intent-filter#android.intent.category.DEFAULT+com.example.MyCookBook.ProductsActivity
ADDED from AndroidManifest.xml:115:13
action#com.example.MyCookBook.ProductsActivity
ADDED from AndroidManifest.xml:116:17
	android:name
		ADDED from AndroidManifest.xml:116:25
activity#com.example.MyCookBook.CalculatorActivity
ADDED from AndroidManifest.xml:122:9
	android:label
		ADDED from AndroidManifest.xml:125:17
	android:windowSoftInputMode
		ADDED from AndroidManifest.xml:124:17
	android:name
		ADDED from AndroidManifest.xml:123:17
intent-filter#android.intent.category.DEFAULT+com.example.MyCookBook.CalculatorActivity
ADDED from AndroidManifest.xml:130:13
action#com.example.MyCookBook.CalculatorActivity
ADDED from AndroidManifest.xml:131:17
	android:name
		ADDED from AndroidManifest.xml:131:25
activity#com.example.MyCookBook.SearchRecipeActivity
ADDED from AndroidManifest.xml:137:9
	android:label
		ADDED from AndroidManifest.xml:140:17
	android:windowSoftInputMode
		ADDED from AndroidManifest.xml:139:17
	android:name
		ADDED from AndroidManifest.xml:138:17
intent-filter#android.intent.category.DEFAULT+com.example.MyCookBook.SearchRecipeActivity
ADDED from AndroidManifest.xml:145:13
action#com.example.MyCookBook.SearchRecipeActivity
ADDED from AndroidManifest.xml:146:17
	android:name
		ADDED from AndroidManifest.xml:146:25
uses-permission#android.permission.READ_EXTERNAL_STORAGE
ADDED from AndroidManifest.xml:163:5
	android:name
		ADDED from AndroidManifest.xml:164:9
uses-permission#android.permission.WRITE_EXTERNAL_STORAGE
ADDED from AndroidManifest.xml:165:5
	android:name
		ADDED from AndroidManifest.xml:166:9